2026-06-20 16:16:08,658 [INFO] 開始 NOC 決策回顧引擎...
2026-06-20 16:16:08,676 [INFO] 成功讀取 3556 筆決策紀錄，日期範圍 2026-04-24 00:00:00 ~ 2026-06-21 00:00:00
2026-06-20 16:16:08,678 [INFO] 共篩選出 66 筆具操作意義的決策
2026-06-20 16:16:08,678 [INFO] 分析 2880.TW 於 2026-05-19
2026-06-20 16:16:09,835 [INFO] 分析 6573.TW 於 2026-06-21
2026-06-20 16:16:09,981 [ERROR] $6573.TW: possibly delisted; no price data found  (1d 2026-06-21 -> 2026-08-26)
2026-06-20 16:16:09,982 [WARNING] 無法取得 6573.TW 從 2026-06-21 之後的資料
2026-06-20 16:16:10,483 [INFO] 分析 8431.TWO 於 2026-06-21
2026-06-20 16:16:10,657 [ERROR] $8431.TWO: possibly delisted; no price data found  (1d 2026-06-21 -> 2026-08-26)
2026-06-20 16:16:10,658 [WARNING] 無法取得 8431.TWO 從 2026-06-21 之後的資料
2026-06-20 16:16:11,159 [INFO] 分析 6415.TW 於 2026-06-21
2026-06-20 16:16:11,337 [ERROR] $6415.TW: possibly delisted; no price data found  (1d 2026-06-21 -> 2026-08-26)
2026-06-20 16:16:11,338 [WARNING] 無法取得 6415.TW 從 2026-06-21 之後的資料
2026-06-20 16:16:11,839 [INFO] 分析 6269.TW 於 2026-06-21
2026-06-20 16:16:12,027 [ERROR] $6269.TW: possibly delisted; no price data found  (1d 2026-06-21 -> 2026-08-26)
2026-06-20 16:16:12,027 [WARNING] 無法取得 6269.TW 從 2026-06-21 之後的資料
2026-06-20 16:16:12,528 [INFO] 分析 6239.TW 於 2026-06-21
2026-06-20 16:16:12,719 [ERROR] $6239.TW: possibly delisted; no price data found  (1d 2026-06-21 -> 2026-08-26)
2026-06-20 16:16:12,720 [WARNING] 無法取得 6239.TW 從 2026-06-21 之後的資料
2026-06-20 16:16:13,221 [INFO] 分析 6116.TW 於 2026-06-21
2026-06-20 16:16:13,387 [ERROR] $6116.TW: possibly delisted; no price data found  (1d 2026-06-21 -> 2026-08-26)
2026-06-20 16:16:13,387 [WARNING] 無法取得 6116.TW 從 2026-06-21 之後的資料
2026-06-20 16:16:13,889 [INFO] 分析 3231.TW 於 2026-06-21
2026-06-20 16:16:14,085 [ERROR] $3231.TW: possibly delisted; no price data found  (1d 2026-06-21 -> 2026-08-26)
2026-06-20 16:16:14,086 [WARNING] 無法取得 3231.TW 從 2026-06-21 之後的資料
2026-06-20 16:16:14,587 [INFO] 分析 3714.TW 於 2026-06-21
2026-06-20 16:16:14,790 [ERROR] $3714.TW: possibly delisted; no price data found  (1d 2026-06-21 -> 2026-08-26)
2026-06-20 16:16:14,791 [WARNING] 無法取得 3714.TW 從 2026-06-21 之後的資料
2026-06-20 16:16:15,292 [INFO] 分析 3481.TW 於 2026-06-21
2026-06-20 16:16:15,480 [ERROR] $3481.TW: possibly delisted; no price data found  (1d 2026-06-21 -> 2026-08-26)
2026-06-20 16:16:15,481 [WARNING] 無法取得 3481.TW 從 2026-06-21 之後的資料
2026-06-20 16:16:15,982 [INFO] 分析 3324.TWO 於 2026-06-21
2026-06-20 16:16:16,167 [ERROR] $3324.TWO: possibly delisted; no price data found  (1d 2026-06-21 -> 2026-08-26)
2026-06-20 16:16:16,168 [WARNING] 無法取得 3324.TWO 從 2026-06-21 之後的資料
2026-06-20 16:16:16,669 [INFO] 分析 3163.TWO 於 2026-06-21
2026-06-20 16:16:16,828 [ERROR] $3163.TWO: possibly delisted; no price data found  (1d 2026-06-21 -> 2026-08-26)
2026-06-20 16:16:16,828 [WARNING] 無法取得 3163.TWO 從 2026-06-21 之後的資料
2026-06-20 16:16:17,329 [INFO] 分析 3049.TW 於 2026-06-21
2026-06-20 16:16:17,521 [ERROR] $3049.TW: possibly delisted; no price data found  (1d 2026-06-21 -> 2026-08-26)
2026-06-20 16:16:17,521 [WARNING] 無法取得 3049.TW 從 2026-06-21 之後的資料
2026-06-20 16:16:18,022 [INFO] 分析 9933.TW 於 2026-06-21
2026-06-20 16:16:18,221 [ERROR] $9933.TW: possibly delisted; no price data found  (1d 2026-06-21 -> 2026-08-26)
2026-06-20 16:16:18,222 [WARNING] 無法取得 9933.TW 從 2026-06-21 之後的資料
2026-06-20 16:16:18,723 [INFO] 分析 3037.TW 於 2026-06-21
2026-06-20 16:16:18,917 [ERROR] $3037.TW: possibly delisted; no price data found  (1d 2026-06-21 -> 2026-08-26)
2026-06-20 16:16:18,918 [WARNING] 無法取得 3037.TW 從 2026-06-21 之後的資料
2026-06-20 16:16:19,419 [INFO] 分析 4904.TW 於 2026-06-21
2026-06-20 16:16:19,602 [ERROR] $4904.TW: possibly delisted; no price data found  (1d 2026-06-21 -> 2026-08-26)
2026-06-20 16:16:19,602 [WARNING] 無法取得 4904.TW 從 2026-06-21 之後的資料
2026-06-20 16:16:20,104 [INFO] 分析 9939.TW 於 2026-06-21
2026-06-20 16:16:20,296 [ERROR] $9939.TW: possibly delisted; no price data found  (1d 2026-06-21 -> 2026-08-26)
2026-06-20 16:16:20,297 [WARNING] 無法取得 9939.TW 從 2026-06-21 之後的資料
2026-06-20 16:16:20,798 [INFO] 分析 2409.TW 於 2026-06-21
2026-06-20 16:16:20,993 [ERROR] $2409.TW: possibly delisted; no price data found  (1d 2026-06-21 -> 2026-08-26)
2026-06-20 16:16:20,994 [WARNING] 無法取得 2409.TW 從 2026-06-21 之後的資料
2026-06-20 16:16:21,495 [INFO] 分析 8086.TWO 於 2026-06-21
2026-06-20 16:16:21,727 [ERROR] $8086.TWO: possibly delisted; no price data found  (1d 2026-06-21 -> 2026-08-26)
2026-06-20 16:16:21,727 [WARNING] 無法取得 8086.TWO 從 2026-06-21 之後的資料
2026-06-20 16:16:22,229 [INFO] 分析 2887.TW 於 2026-06-21
2026-06-20 16:16:22,404 [ERROR] $2887.TW: possibly delisted; no price data found  (1d 2026-06-21 -> 2026-08-26)
2026-06-20 16:16:22,404 [WARNING] 無法取得 2887.TW 從 2026-06-21 之後的資料
2026-06-20 16:16:22,906 [INFO] 分析 3227.TWO 於 2026-06-21
2026-06-20 16:16:23,083 [ERROR] $3227.TWO: possibly delisted; no price data found  (1d 2026-06-21 -> 2026-08-26)
2026-06-20 16:16:23,083 [WARNING] 無法取得 3227.TWO 從 2026-06-21 之後的資料
2026-06-20 16:16:23,584 [INFO] 分析 8081.TW 於 2026-06-21
2026-06-20 16:16:23,771 [ERROR] $8081.TW: possibly delisted; no price data found  (1d 2026-06-21 -> 2026-08-26)
2026-06-20 16:16:23,771 [WARNING] 無法取得 8081.TW 從 2026-06-21 之後的資料
2026-06-20 16:16:24,272 [INFO] 分析 3583.TW 於 2026-06-21
2026-06-20 16:16:24,445 [ERROR] $3583.TW: possibly delisted; no price data found  (1d 2026-06-21 -> 2026-08-26)
2026-06-20 16:16:24,445 [WARNING] 無法取得 3583.TW 從 2026-06-21 之後的資料
2026-06-20 16:16:24,947 [INFO] 分析 6116.TW 於 2026-06-21
2026-06-20 16:16:25,094 [ERROR] $6116.TW: possibly delisted; no price data found  (1d 2026-06-21 -> 2026-08-26)
2026-06-20 16:16:25,095 [WARNING] 無法取得 6116.TW 從 2026-06-21 之後的資料
2026-06-20 16:16:25,596 [INFO] 分析 3481.TW 於 2026-06-21
2026-06-20 16:16:25,616 [ERROR] $3481.TW: possibly delisted; no price data found  (1d 2026-06-21 -> 2026-08-26)
2026-06-20 16:16:25,617 [WARNING] 無法取得 3481.TW 從 2026-06-21 之後的資料
2026-06-20 16:16:26,118 [INFO] 分析 2207.TW 於 2026-06-21
2026-06-20 16:16:26,386 [ERROR] $2207.TW: possibly delisted; no price data found  (1d 2026-06-21 -> 2026-08-26)
2026-06-20 16:16:26,387 [WARNING] 無法取得 2207.TW 從 2026-06-21 之後的資料
2026-06-20 16:16:26,888 [INFO] 分析 2890.TW 於 2026-06-21
2026-06-20 16:16:27,081 [ERROR] $2890.TW: possibly delisted; no price data found  (1d 2026-06-21 -> 2026-08-26)
2026-06-20 16:16:27,081 [WARNING] 無法取得 2890.TW 從 2026-06-21 之後的資料
2026-06-20 16:16:27,582 [INFO] 分析 4904.TW 於 2026-06-21
2026-06-20 16:16:27,603 [ERROR] $4904.TW: possibly delisted; no price data found  (1d 2026-06-21 -> 2026-08-26)
2026-06-20 16:16:27,603 [WARNING] 無法取得 4904.TW 從 2026-06-21 之後的資料
2026-06-20 16:16:28,104 [INFO] 分析 2002.TW 於 2026-06-21
2026-06-20 16:16:28,305 [ERROR] $2002.TW: possibly delisted; no price data found  (1d 2026-06-21 -> 2026-08-26)
2026-06-20 16:16:28,306 [WARNING] 無法取得 2002.TW 從 2026-06-21 之後的資料
2026-06-20 16:16:28,807 [INFO] 分析 2455.TW 於 2026-06-21
2026-06-20 16:16:28,986 [ERROR] $2455.TW: possibly delisted; no price data found  (1d 2026-06-21 -> 2026-08-26)
2026-06-20 16:16:28,987 [WARNING] 無法取得 2455.TW 從 2026-06-21 之後的資料
2026-06-20 16:16:29,488 [INFO] 分析 1409.TW 於 2026-06-21
2026-06-20 16:16:29,680 [ERROR] $1409.TW: possibly delisted; no price data found  (1d 2026-06-21 -> 2026-08-26)
2026-06-20 16:16:29,681 [WARNING] 無法取得 1409.TW 從 2026-06-21 之後的資料
2026-06-20 16:16:30,182 [INFO] 分析 2883.TW 於 2026-06-21
2026-06-20 16:16:30,405 [ERROR] $2883.TW: possibly delisted; no price data found  (1d 2026-06-21 -> 2026-08-26)
2026-06-20 16:16:30,405 [WARNING] 無法取得 2883.TW 從 2026-06-21 之後的資料
2026-06-20 16:16:30,907 [INFO] 分析 1536.TW 於 2026-06-21
2026-06-20 16:16:31,094 [ERROR] $1536.TW: possibly delisted; no price data found  (1d 2026-06-21 -> 2026-08-26)
2026-06-20 16:16:31,094 [WARNING] 無法取得 1536.TW 從 2026-06-21 之後的資料
2026-06-20 16:16:31,595 [INFO] 分析 2637.TW 於 2026-06-21
2026-06-20 16:16:31,842 [ERROR] $2637.TW: possibly delisted; no price data found  (1d 2026-06-21 -> 2026-08-26)
2026-06-20 16:16:31,842 [WARNING] 無法取得 2637.TW 從 2026-06-21 之後的資料
2026-06-20 16:16:32,343 [INFO] 分析 1795.TW 於 2026-06-21
2026-06-20 16:16:32,515 [ERROR] $1795.TW: possibly delisted; no price data found  (1d 2026-06-21 -> 2026-08-26)
2026-06-20 16:16:32,515 [WARNING] 無法取得 1795.TW 從 2026-06-21 之後的資料
2026-06-20 16:16:33,016 [INFO] 分析 1609.TW 於 2026-06-21
2026-06-20 16:16:33,197 [ERROR] $1609.TW: possibly delisted; no price data found  (1d 2026-06-21 -> 2026-08-26)
2026-06-20 16:16:33,197 [WARNING] 無法取得 1609.TW 從 2026-06-21 之後的資料
2026-06-20 16:16:33,699 [INFO] 分析 1605.TW 於 2026-06-21
2026-06-20 16:16:33,967 [ERROR] $1605.TW: possibly delisted; no price data found  (1d 2026-06-21 -> 2026-08-26)
2026-06-20 16:16:33,967 [WARNING] 無法取得 1605.TW 從 2026-06-21 之後的資料
2026-06-20 16:16:34,469 [INFO] 分析 1513.TW 於 2026-06-21
2026-06-20 16:16:34,659 [ERROR] $1513.TW: possibly delisted; no price data found  (1d 2026-06-21 -> 2026-08-26)
2026-06-20 16:16:34,659 [WARNING] 無法取得 1513.TW 從 2026-06-21 之後的資料
2026-06-20 16:16:35,161 [INFO] 分析 1476.TW 於 2026-06-21
2026-06-20 16:16:35,342 [ERROR] $1476.TW: possibly delisted; no price data found  (1d 2026-06-21 -> 2026-08-26)
2026-06-20 16:16:35,343 [WARNING] 無法取得 1476.TW 從 2026-06-21 之後的資料
2026-06-20 16:16:35,844 [INFO] 分析 1326.TW 於 2026-06-21
2026-06-20 16:16:36,033 [ERROR] $1326.TW: possibly delisted; no price data found  (1d 2026-06-21 -> 2026-08-26)
2026-06-20 16:16:36,034 [WARNING] 無法取得 1326.TW 從 2026-06-21 之後的資料
2026-06-20 16:16:36,535 [INFO] 分析 1802.TW 於 2026-06-21
2026-06-20 16:16:36,795 [ERROR] $1802.TW: possibly delisted; no price data found  (1d 2026-06-21 -> 2026-08-26)
2026-06-20 16:16:36,796 [WARNING] 無法取得 1802.TW 從 2026-06-21 之後的資料
2026-06-20 16:16:37,297 [INFO] 分析 3019.TW 於 2026-06-21
2026-06-20 16:16:37,482 [ERROR] $3019.TW: possibly delisted; no price data found  (1d 2026-06-21 -> 2026-08-26)
2026-06-20 16:16:37,482 [WARNING] 無法取得 3019.TW 從 2026-06-21 之後的資料
2026-06-20 16:16:37,983 [INFO] 分析 00881.TW 於 2026-06-21
2026-06-20 16:16:38,135 [ERROR] $00881.TW: possibly delisted; no price data found  (1d 2026-06-21 -> 2026-08-26)
2026-06-20 16:16:38,135 [WARNING] 無法取得 00881.TW 從 2026-06-21 之後的資料
2026-06-20 16:16:38,636 [INFO] 分析 00878.TW 於 2026-06-21
2026-06-20 16:16:38,779 [ERROR] $00878.TW: possibly delisted; no price data found  (1d 2026-06-21 -> 2026-08-26)
2026-06-20 16:16:38,780 [WARNING] 無法取得 00878.TW 從 2026-06-21 之後的資料
2026-06-20 16:16:39,281 [INFO] 分析 009816.TW 於 2026-06-21
2026-06-20 16:16:39,444 [ERROR] $009816.TW: possibly delisted; no price data found  (1d 2026-06-21 -> 2026-08-26)
2026-06-20 16:16:39,445 [WARNING] 無法取得 009816.TW 從 2026-06-21 之後的資料
2026-06-20 16:16:39,946 [INFO] 分析 0050.TW 於 2026-06-21
2026-06-20 16:16:40,109 [ERROR] $0050.TW: possibly delisted; no price data found  (1d 2026-06-21 -> 2026-08-26)
2026-06-20 16:16:40,110 [WARNING] 無法取得 0050.TW 從 2026-06-21 之後的資料
2026-06-20 16:16:40,611 [INFO] 分析 3131.TWO 於 2026-06-21
2026-06-20 16:16:40,776 [ERROR] $3131.TWO: possibly delisted; no price data found  (1d 2026-06-21 -> 2026-08-26)
2026-06-20 16:16:40,776 [WARNING] 無法取得 3131.TWO 從 2026-06-21 之後的資料
2026-06-20 16:16:41,277 [INFO] 分析 8150.TW 於 2026-06-21
2026-06-20 16:16:41,438 [ERROR] $8150.TW: possibly delisted; no price data found  (1d 2026-06-21 -> 2026-08-26)
2026-06-20 16:16:41,438 [WARNING] 無法取得 8150.TW 從 2026-06-21 之後的資料
2026-06-20 16:16:41,939 [INFO] 分析 2302.TW 於 2026-06-21
2026-06-20 16:16:42,128 [ERROR] $2302.TW: possibly delisted; no price data found  (1d 2026-06-21 -> 2026-08-26)
2026-06-20 16:16:42,129 [WARNING] 無法取得 2302.TW 從 2026-06-21 之後的資料
2026-06-20 16:16:42,630 [INFO] 分析 2303.TW 於 2026-06-21
2026-06-20 16:16:42,828 [ERROR] $2303.TW: possibly delisted; no price data found  (1d 2026-06-21 -> 2026-08-26)
2026-06-20 16:16:42,828 [WARNING] 無法取得 2303.TW 從 2026-06-21 之後的資料
2026-06-20 16:16:43,330 [INFO] 分析 2317.TW 於 2026-06-21
2026-06-20 16:16:43,543 [ERROR] $2317.TW: possibly delisted; no price data found  (1d 2026-06-21 -> 2026-08-26)
2026-06-20 16:16:43,543 [WARNING] 無法取得 2317.TW 從 2026-06-21 之後的資料
2026-06-20 16:16:44,045 [INFO] 分析 2606.TW 於 2026-06-21
2026-06-20 16:16:44,240 [ERROR] $2606.TW: possibly delisted; no price data found  (1d 2026-06-21 -> 2026-08-26)
2026-06-20 16:16:44,241 [WARNING] 無法取得 2606.TW 從 2026-06-21 之後的資料
2026-06-20 16:16:44,742 [INFO] 分析 2454.TW 於 2026-06-21
2026-06-20 16:16:44,929 [ERROR] $2454.TW: possibly delisted; no price data found  (1d 2026-06-21 -> 2026-08-26)
2026-06-20 16:16:44,930 [WARNING] 無法取得 2454.TW 從 2026-06-21 之後的資料
2026-06-20 16:16:45,431 [INFO] 分析 2409.TW 於 2026-06-21
2026-06-20 16:16:45,521 [ERROR] $2409.TW: possibly delisted; no price data found  (1d 2026-06-21 -> 2026-08-26)
2026-06-20 16:16:45,522 [WARNING] 無法取得 2409.TW 從 2026-06-21 之後的資料
2026-06-20 16:16:46,023 [INFO] 分析 2408.TW 於 2026-06-21
2026-06-20 16:16:46,200 [ERROR] $2408.TW: possibly delisted; no price data found  (1d 2026-06-21 -> 2026-08-26)
2026-06-20 16:16:46,201 [WARNING] 無法取得 2408.TW 從 2026-06-21 之後的資料
2026-06-20 16:16:46,702 [INFO] 分析 2382.TW 於 2026-06-21
2026-06-20 16:16:46,897 [ERROR] $2382.TW: possibly delisted; no price data found  (1d 2026-06-21 -> 2026-08-26)
2026-06-20 16:16:46,898 [WARNING] 無法取得 2382.TW 從 2026-06-21 之後的資料
2026-06-20 16:16:47,399 [INFO] 分析 2379.TW 於 2026-06-21
2026-06-20 16:16:47,610 [ERROR] $2379.TW: possibly delisted; no price data found  (1d 2026-06-21 -> 2026-08-26)
2026-06-20 16:16:47,610 [WARNING] 無法取得 2379.TW 從 2026-06-21 之後的資料
2026-06-20 16:16:48,112 [INFO] 分析 2377.TW 於 2026-06-21
2026-06-20 16:16:48,298 [ERROR] $2377.TW: possibly delisted; no price data found  (1d 2026-06-21 -> 2026-08-26)
2026-06-20 16:16:48,298 [WARNING] 無法取得 2377.TW 從 2026-06-21 之後的資料
2026-06-20 16:16:48,800 [INFO] 分析 2371.TW 於 2026-06-21
2026-06-20 16:16:48,998 [ERROR] $2371.TW: possibly delisted; no price data found  (1d 2026-06-21 -> 2026-08-26)
2026-06-20 16:16:48,998 [WARNING] 無法取得 2371.TW 從 2026-06-21 之後的資料
2026-06-20 16:16:49,499 [INFO] 分析 2356.TW 於 2026-06-21
2026-06-20 16:16:49,697 [ERROR] $2356.TW: possibly delisted; no price data found  (1d 2026-06-21 -> 2026-08-26)
2026-06-20 16:16:49,698 [WARNING] 無法取得 2356.TW 從 2026-06-21 之後的資料
2026-06-20 16:16:50,199 [INFO] 分析 2353.TW 於 2026-06-21
2026-06-20 16:16:50,387 [ERROR] $2353.TW: possibly delisted; no price data found  (1d 2026-06-21 -> 2026-08-26)
2026-06-20 16:16:50,388 [WARNING] 無法取得 2353.TW 從 2026-06-21 之後的資料
2026-06-20 16:16:50,889 [INFO] 分析 2352.TW 於 2026-06-21
2026-06-20 16:16:51,118 [ERROR] $2352.TW: possibly delisted; no price data found  (1d 2026-06-21 -> 2026-08-26)
2026-06-20 16:16:51,119 [WARNING] 無法取得 2352.TW 從 2026-06-21 之後的資料
2026-06-20 16:16:51,620 [INFO] 分析 2344.TW 於 2026-06-21
2026-06-20 16:16:51,824 [ERROR] $2344.TW: possibly delisted; no price data found  (1d 2026-06-21 -> 2026-08-26)
2026-06-20 16:16:51,825 [WARNING] 無法取得 2344.TW 從 2026-06-21 之後的資料
2026-06-20 16:16:52,326 [INFO] 分析 2330.TW 於 2026-06-21
2026-06-20 16:16:52,511 [ERROR] $2330.TW: possibly delisted; no price data found  (1d 2026-06-21 -> 2026-08-26)
2026-06-20 16:16:52,512 [WARNING] 無法取得 2330.TW 從 2026-06-21 之後的資料
2026-06-20 16:16:53,013 [INFO] 分析 2324.TW 於 2026-06-21
2026-06-20 16:16:53,268 [ERROR] $2324.TW: possibly delisted; no price data found  (1d 2026-06-21 -> 2026-08-26)
2026-06-20 16:16:53,268 [WARNING] 無法取得 2324.TW 從 2026-06-21 之後的資料
2026-06-20 16:16:53,770 [INFO] 分析 2886.TW 於 2026-06-21
2026-06-20 16:16:53,946 [ERROR] $2886.TW: possibly delisted; no price data found  (1d 2026-06-21 -> 2026-08-26)
2026-06-20 16:16:53,947 [WARNING] 無法取得 2886.TW 從 2026-06-21 之後的資料
2026-06-20 16:16:54,450 [INFO] 已儲存詳細回顧結果至 decision_review.csv
